<?xml version="1.0" encoding="UTF-8"?>
<!-- Generated by org.testng.reporters.JUnitXMLReporter -->
<testsuite hostname="LokeshPC-PC" name="RegistrationTest" tests="2" failures="2" timestamp="27 Jan 2018 12:45:41 GMT" time="0.02" errors="0">
  <testcase name="testReport1" time="0.003" classname="com.companyname.projectname.testscripts.Test1">
    <failure type="java.io.FileNotFoundException" message="E:\FDrive\Workspace_prog\pageobjectmodel-seleniumFramework-master\src\test\java\com\companyname\projectname\report\TestHtmlReport.html (The system cannot find the path specified)">
      <![CDATA[java.io.FileNotFoundException: E:\FDrive\Workspace_prog\pageobjectmodel-seleniumFramework-master\src\test\java\com\companyname\projectname\report\TestHtmlReport.html (The system cannot find the path specified)
	at java.io.FileOutputStream.open(Native Method)
	at java.io.FileOutputStream.<init>(Unknown Source)
	at java.io.FileWriter.<init>(Unknown Source)
	at com.companyname.projectname.testbase.TestBase.updateResult(TestBase.java:188)
	at com.companyname.projectname.testscripts.Test1.testReport1(Test1.java:17)
... Removed 24 stack frames]]>
    </failure>
  </testcase> <!-- testReport1 -->
  <testcase name="testReport1" time="0.015" classname="com.companyname.projectname.testscripts.Test1">
    <failure type="java.lang.NullPointerException">
      <![CDATA[java.lang.NullPointerException
	at com.companyname.projectname.customelistener.Listner.onTestFailure(Listner.java:35)
... Removed 21 stack frames]]>
    </failure>
  </testcase> <!-- testReport1 -->
</testsuite> <!-- RegistrationTest -->
